[INFO ][20150318 01:05:20,265][AbstractApplicationContext:510] Refreshing org.springframework.context.support.ClassPathXmlApplicationContext@5c16b30: startup date [Wed Mar 18 01:05:20 CST 2015]; root of context hierarchy
[INFO ][20150318 01:05:20,331][XmlBeanDefinitionReader:315] Loading XML bean definitions from class path resource [spring/spring-context.xml]
[INFO ][20150318 01:05:20,571][XmlBeanDefinitionReader:315] Loading XML bean definitions from class path resource [spring/spring-mq.xml]
[INFO ][20150318 01:05:20,724][PropertiesLoaderSupport:172] Loading properties file from class path resource [mq.properties]
[INFO ][20150318 01:05:20,772][DefaultListableBeanFactory:598] Pre-instantiating singletons in org.springframework.beans.factory.support.DefaultListableBeanFactory@125f7833: defining beans [org.springframework.context.annotation.internalConfigurationAnnotationProcessor,org.springframework.context.annotation.internalAutowiredAnnotationProcessor,org.springframework.context.annotation.internalRequiredAnnotationProcessor,org.springframework.context.annotation.internalCommonAnnotationProcessor,mqProducer,org.springframework.context.support.PropertySourcesPlaceholderConfigurer#0,org.springframework.aop.config.internalAutoProxyCreator,targetConnectionFactory,pooledConnectionFactory,connectionFactory,activeMqJmsTemplate,org.springframework.context.annotation.ConfigurationClassPostProcessor.importAwareProcessor]; root of factory hierarchy
[INFO ][20150318 01:05:21,075][SingleConnectionFactory:291] Established shared JMS Connection: PooledConnection { ConnectionPool[ActiveMQConnection {id=ID:2011-20141111JF-52721-1426611920935-1:1,clientId=null,started=false}] }
[ERROR][20150318 01:05:21,450][MQProducerTest:35] ==>MQ context start error:
org.springframework.jms.IllegalStateException: javax.jms.JMSSecurityException: User name [] or password is invalid.; nested exception is javax.jms.IllegalStateException: javax.jms.JMSSecurityException: User name [] or password is invalid.
	at org.springframework.jms.support.JmsUtils.convertJmsAccessException(JmsUtils.java:279)
	at org.springframework.jms.support.JmsAccessor.convertJmsAccessException(JmsAccessor.java:168)
	at org.springframework.jms.core.JmsTemplate.execute(JmsTemplate.java:469)
	at org.springframework.jms.core.JmsTemplate.send(JmsTemplate.java:543)
	at org.springframework.jms.core.JmsTemplate.send(JmsTemplate.java:529)
	at wusc.edu.demo.mqtest.MQProducer.sendMessage(MQProducer.java:34)
	at wusc.edu.demo.mqtest.MQProducerTest.main(MQProducerTest.java:31)
Caused by: javax.jms.IllegalStateException: javax.jms.JMSSecurityException: User name [] or password is invalid.
	at org.apache.activemq.jms.pool.ConnectionPool.createSession(ConnectionPool.java:151)
	at org.apache.activemq.jms.pool.PooledConnection.createSession(PooledConnection.java:167)
	at sun.reflect.NativeMethodAccessorImpl.invoke0(Native Method)
	at sun.reflect.NativeMethodAccessorImpl.invoke(NativeMethodAccessorImpl.java:57)
	at sun.reflect.DelegatingMethodAccessorImpl.invoke(DelegatingMethodAccessorImpl.java:43)
	at java.lang.reflect.Method.invoke(Method.java:606)
	at org.springframework.jms.connection.SingleConnectionFactory$SharedConnectionInvocationHandler.invoke(SingleConnectionFactory.java:550)
	at com.sun.proxy.$Proxy7.createSession(Unknown Source)
	at org.springframework.jms.support.JmsAccessor.createSession(JmsAccessor.java:196)
	at org.springframework.jms.core.JmsTemplate.execute(JmsTemplate.java:457)
	... 4 more
Caused by: javax.jms.JMSSecurityException: User name [] or password is invalid.
	at org.apache.activemq.util.JMSExceptionSupport.create(JMSExceptionSupport.java:52)
	at org.apache.activemq.ActiveMQConnection.syncSendPacket(ActiveMQConnection.java:1420)
	at org.apache.activemq.ActiveMQConnection.ensureConnectionInfoSent(ActiveMQConnection.java:1521)
	at org.apache.activemq.ActiveMQConnection.createSession(ActiveMQConnection.java:329)
	at org.apache.activemq.jms.pool.ConnectionPool.makeSession(ConnectionPool.java:104)
	at org.apache.activemq.jms.pool.ConnectionPool$1.makeObject(ConnectionPool.java:83)
	at org.apache.activemq.jms.pool.ConnectionPool$1.makeObject(ConnectionPool.java:70)
	at org.apache.commons.pool.impl.GenericKeyedObjectPool.borrowObject(GenericKeyedObjectPool.java:1220)
	at org.apache.activemq.jms.pool.ConnectionPool.createSession(ConnectionPool.java:133)
	... 13 more
Caused by: java.lang.SecurityException: User name [] or password is invalid.
	at org.apache.activemq.security.SimpleAuthenticationBroker.addConnection(SimpleAuthenticationBroker.java:85)
	at org.apache.activemq.broker.MutableBrokerFilter.addConnection(MutableBrokerFilter.java:102)
	at org.apache.activemq.broker.TransportConnection.processAddConnection(TransportConnection.java:809)
	at org.apache.activemq.broker.jmx.ManagedTransportConnection.processAddConnection(ManagedTransportConnection.java:79)
	at org.apache.activemq.command.ConnectionInfo.visit(ConnectionInfo.java:139)
	at org.apache.activemq.broker.TransportConnection.service(TransportConnection.java:334)
	at org.apache.activemq.broker.TransportConnection$1.onCommand(TransportConnection.java:188)
	at org.apache.activemq.transport.MutexTransport.onCommand(MutexTransport.java:50)
	at org.apache.activemq.transport.WireFormatNegotiator.onCommand(WireFormatNegotiator.java:113)
	at org.apache.activemq.transport.AbstractInactivityMonitor.onCommand(AbstractInactivityMonitor.java:270)
	at org.apache.activemq.transport.TransportSupport.doConsume(TransportSupport.java:83)
	at org.apache.activemq.transport.tcp.TcpTransport.doRun(TcpTransport.java:214)
	at org.apache.activemq.transport.tcp.TcpTransport.run(TcpTransport.java:196)
	at java.lang.Thread.run(Thread.java:745)
[INFO ][20150318 01:06:47,386][AbstractApplicationContext:510] Refreshing org.springframework.context.support.ClassPathXmlApplicationContext@5d641f43: startup date [Wed Mar 18 01:06:47 CST 2015]; root of context hierarchy
[INFO ][20150318 01:06:47,450][XmlBeanDefinitionReader:315] Loading XML bean definitions from class path resource [spring/spring-context.xml]
[INFO ][20150318 01:06:47,699][XmlBeanDefinitionReader:315] Loading XML bean definitions from class path resource [spring/spring-mq.xml]
[INFO ][20150318 01:06:47,840][PropertiesLoaderSupport:172] Loading properties file from class path resource [mq.properties]
[INFO ][20150318 01:06:47,890][DefaultListableBeanFactory:598] Pre-instantiating singletons in org.springframework.beans.factory.support.DefaultListableBeanFactory@3970a4fb: defining beans [org.springframework.context.annotation.internalConfigurationAnnotationProcessor,org.springframework.context.annotation.internalAutowiredAnnotationProcessor,org.springframework.context.annotation.internalRequiredAnnotationProcessor,org.springframework.context.annotation.internalCommonAnnotationProcessor,mqProducer,org.springframework.context.support.PropertySourcesPlaceholderConfigurer#0,org.springframework.aop.config.internalAutoProxyCreator,targetConnectionFactory,pooledConnectionFactory,connectionFactory,activeMqJmsTemplate,org.springframework.context.annotation.ConfigurationClassPostProcessor.importAwareProcessor]; root of factory hierarchy
[INFO ][20150318 01:06:48,207][SingleConnectionFactory:291] Established shared JMS Connection: PooledConnection { ConnectionPool[ActiveMQConnection {id=ID:2011-20141111JF-52753-1426612008062-1:1,clientId=null,started=false}] }
[INFO ][20150318 01:06:48,538][MQProducerTest:38] ===>System.exit
[INFO ][20150318 01:11:28,773][AbstractApplicationContext:510] Refreshing org.springframework.context.support.ClassPathXmlApplicationContext@c375934: startup date [Wed Mar 18 01:11:28 CST 2015]; root of context hierarchy
[INFO ][20150318 01:11:28,840][XmlBeanDefinitionReader:315] Loading XML bean definitions from class path resource [spring/spring-context.xml]
[INFO ][20150318 01:11:29,085][XmlBeanDefinitionReader:315] Loading XML bean definitions from class path resource [spring/spring-mq.xml]
[INFO ][20150318 01:11:29,242][PropertiesLoaderSupport:172] Loading properties file from class path resource [mq.properties]
[INFO ][20150318 01:11:29,283][DefaultListableBeanFactory:598] Pre-instantiating singletons in org.springframework.beans.factory.support.DefaultListableBeanFactory@3970a4fb: defining beans [org.springframework.context.annotation.internalConfigurationAnnotationProcessor,org.springframework.context.annotation.internalAutowiredAnnotationProcessor,org.springframework.context.annotation.internalRequiredAnnotationProcessor,org.springframework.context.annotation.internalCommonAnnotationProcessor,mqProducer,org.springframework.context.support.PropertySourcesPlaceholderConfigurer#0,org.springframework.aop.config.internalAutoProxyCreator,targetConnectionFactory,pooledConnectionFactory,connectionFactory,activeMqJmsTemplate,org.springframework.context.annotation.ConfigurationClassPostProcessor.importAwareProcessor]; root of factory hierarchy
[INFO ][20150318 01:11:29,588][SingleConnectionFactory:291] Established shared JMS Connection: PooledConnection { ConnectionPool[ActiveMQConnection {id=ID:2011-20141111JF-52971-1426612289444-1:1,clientId=null,started=false}] }
[INFO ][20150318 01:11:29,871][MQProducerTest:38] ===>System.exit
[INFO ][20150318 01:14:15,516][AbstractApplicationContext:510] Refreshing org.springframework.context.support.ClassPathXmlApplicationContext@5c16b30: startup date [Wed Mar 18 01:14:15 CST 2015]; root of context hierarchy
[INFO ][20150318 01:14:15,588][XmlBeanDefinitionReader:315] Loading XML bean definitions from class path resource [spring/spring-context.xml]
[INFO ][20150318 01:14:15,830][XmlBeanDefinitionReader:315] Loading XML bean definitions from class path resource [spring/spring-mq.xml]
[INFO ][20150318 01:14:15,977][PropertiesLoaderSupport:172] Loading properties file from class path resource [mq.properties]
[INFO ][20150318 01:14:16,019][DefaultListableBeanFactory:598] Pre-instantiating singletons in org.springframework.beans.factory.support.DefaultListableBeanFactory@3970a4fb: defining beans [org.springframework.context.annotation.internalConfigurationAnnotationProcessor,org.springframework.context.annotation.internalAutowiredAnnotationProcessor,org.springframework.context.annotation.internalRequiredAnnotationProcessor,org.springframework.context.annotation.internalCommonAnnotationProcessor,mqProducer,org.springframework.context.support.PropertySourcesPlaceholderConfigurer#0,org.springframework.aop.config.internalAutoProxyCreator,targetConnectionFactory,pooledConnectionFactory,connectionFactory,activeMqJmsTemplate,org.springframework.context.annotation.ConfigurationClassPostProcessor.importAwareProcessor]; root of factory hierarchy
[INFO ][20150318 01:14:16,327][SingleConnectionFactory:291] Established shared JMS Connection: PooledConnection { ConnectionPool[ActiveMQConnection {id=ID:2011-20141111JF-53041-1426612456183-1:1,clientId=null,started=false}] }
[INFO ][20150318 01:14:16,546][MQProducerTest:38] ===>System.exit
[INFO ][20150318 01:16:19,196][AbstractApplicationContext:510] Refreshing org.springframework.context.support.ClassPathXmlApplicationContext@5c16b30: startup date [Wed Mar 18 01:16:19 CST 2015]; root of context hierarchy
[INFO ][20150318 01:16:19,265][XmlBeanDefinitionReader:315] Loading XML bean definitions from class path resource [spring/spring-context.xml]
[INFO ][20150318 01:16:19,504][XmlBeanDefinitionReader:315] Loading XML bean definitions from class path resource [spring/spring-mq.xml]
[INFO ][20150318 01:16:19,668][PropertiesLoaderSupport:172] Loading properties file from class path resource [mq.properties]
[INFO ][20150318 01:16:19,716][DefaultListableBeanFactory:598] Pre-instantiating singletons in org.springframework.beans.factory.support.DefaultListableBeanFactory@3970a4fb: defining beans [org.springframework.context.annotation.internalConfigurationAnnotationProcessor,org.springframework.context.annotation.internalAutowiredAnnotationProcessor,org.springframework.context.annotation.internalRequiredAnnotationProcessor,org.springframework.context.annotation.internalCommonAnnotationProcessor,mqProducer,org.springframework.context.support.PropertySourcesPlaceholderConfigurer#0,org.springframework.aop.config.internalAutoProxyCreator,targetConnectionFactory,pooledConnectionFactory,connectionFactory,activeMqJmsTemplate,org.springframework.context.annotation.ConfigurationClassPostProcessor.importAwareProcessor]; root of factory hierarchy
[INFO ][20150318 01:16:20,032][SingleConnectionFactory:291] Established shared JMS Connection: PooledConnection { ConnectionPool[ActiveMQConnection {id=ID:2011-20141111JF-53101-1426612579889-1:1,clientId=null,started=false}] }
[INFO ][20150318 01:16:20,288][MQProducerTest:38] ===>System.exit
[INFO ][20150318 01:32:06,366][AbstractApplicationContext:510] Refreshing org.springframework.context.support.ClassPathXmlApplicationContext@5c16b30: startup date [Wed Mar 18 01:32:06 CST 2015]; root of context hierarchy
[INFO ][20150318 01:32:06,435][XmlBeanDefinitionReader:315] Loading XML bean definitions from class path resource [spring/spring-context.xml]
[INFO ][20150318 01:32:06,689][XmlBeanDefinitionReader:315] Loading XML bean definitions from class path resource [spring/spring-mq.xml]
[INFO ][20150318 01:32:06,852][PropertiesLoaderSupport:172] Loading properties file from class path resource [mq.properties]
[INFO ][20150318 01:32:06,900][DefaultListableBeanFactory:598] Pre-instantiating singletons in org.springframework.beans.factory.support.DefaultListableBeanFactory@364a1425: defining beans [org.springframework.context.annotation.internalConfigurationAnnotationProcessor,org.springframework.context.annotation.internalAutowiredAnnotationProcessor,org.springframework.context.annotation.internalRequiredAnnotationProcessor,org.springframework.context.annotation.internalCommonAnnotationProcessor,mqProducer,org.springframework.context.support.PropertySourcesPlaceholderConfigurer#0,org.springframework.aop.config.internalAutoProxyCreator,targetConnectionFactory,pooledConnectionFactory,connectionFactory,activeMqJmsTemplate,org.springframework.context.annotation.ConfigurationClassPostProcessor.importAwareProcessor]; root of factory hierarchy
[INFO ][20150318 01:32:07,210][SingleConnectionFactory:291] Established shared JMS Connection: PooledConnection { ConnectionPool[ActiveMQConnection {id=ID:2011-20141111JF-53220-1426613527066-1:1,clientId=null,started=false}] }
[INFO ][20150318 01:32:07,463][MQProducerTest:38] ===>System.exit
[INFO ][20150318 01:33:33,442][AbstractApplicationContext:510] Refreshing org.springframework.context.support.ClassPathXmlApplicationContext@c375934: startup date [Wed Mar 18 01:33:33 CST 2015]; root of context hierarchy
[INFO ][20150318 01:33:33,517][XmlBeanDefinitionReader:315] Loading XML bean definitions from class path resource [spring/spring-context.xml]
[INFO ][20150318 01:33:33,760][XmlBeanDefinitionReader:315] Loading XML bean definitions from class path resource [spring/spring-mq.xml]
[INFO ][20150318 01:33:33,930][PropertiesLoaderSupport:172] Loading properties file from class path resource [mq.properties]
[INFO ][20150318 01:33:33,974][DefaultListableBeanFactory:598] Pre-instantiating singletons in org.springframework.beans.factory.support.DefaultListableBeanFactory@3970a4fb: defining beans [org.springframework.context.annotation.internalConfigurationAnnotationProcessor,org.springframework.context.annotation.internalAutowiredAnnotationProcessor,org.springframework.context.annotation.internalRequiredAnnotationProcessor,org.springframework.context.annotation.internalCommonAnnotationProcessor,mqProducer,org.springframework.context.support.PropertySourcesPlaceholderConfigurer#0,org.springframework.aop.config.internalAutoProxyCreator,targetConnectionFactory,pooledConnectionFactory,connectionFactory,activeMqJmsTemplate,org.springframework.context.annotation.ConfigurationClassPostProcessor.importAwareProcessor]; root of factory hierarchy
[INFO ][20150318 01:33:34,293][SingleConnectionFactory:291] Established shared JMS Connection: PooledConnection { ConnectionPool[ActiveMQConnection {id=ID:2011-20141111JF-53234-1426613614147-1:1,clientId=null,started=false}] }
[INFO ][20150318 01:33:34,511][MQProducerTest:38] ===>System.exit
[INFO ][20150318 01:33:48,840][AbstractApplicationContext:510] Refreshing org.springframework.context.support.ClassPathXmlApplicationContext@5c16b30: startup date [Wed Mar 18 01:33:48 CST 2015]; root of context hierarchy
[INFO ][20150318 01:33:48,908][XmlBeanDefinitionReader:315] Loading XML bean definitions from class path resource [spring/spring-context.xml]
[INFO ][20150318 01:33:49,158][XmlBeanDefinitionReader:315] Loading XML bean definitions from class path resource [spring/spring-mq.xml]
[INFO ][20150318 01:33:49,314][PropertiesLoaderSupport:172] Loading properties file from class path resource [mq.properties]
[INFO ][20150318 01:33:49,357][DefaultListableBeanFactory:598] Pre-instantiating singletons in org.springframework.beans.factory.support.DefaultListableBeanFactory@3970a4fb: defining beans [org.springframework.context.annotation.internalConfigurationAnnotationProcessor,org.springframework.context.annotation.internalAutowiredAnnotationProcessor,org.springframework.context.annotation.internalRequiredAnnotationProcessor,org.springframework.context.annotation.internalCommonAnnotationProcessor,mqProducer,org.springframework.context.support.PropertySourcesPlaceholderConfigurer#0,org.springframework.aop.config.internalAutoProxyCreator,targetConnectionFactory,pooledConnectionFactory,connectionFactory,activeMqJmsTemplate,org.springframework.context.annotation.ConfigurationClassPostProcessor.importAwareProcessor]; root of factory hierarchy
[INFO ][20150318 01:33:49,662][SingleConnectionFactory:291] Established shared JMS Connection: PooledConnection { ConnectionPool[ActiveMQConnection {id=ID:2011-20141111JF-53236-1426613629525-1:1,clientId=null,started=false}] }
[INFO ][20150318 01:33:49,893][MQProducerTest:38] ===>System.exit
[INFO ][20150318 02:26:39,185][AbstractApplicationContext:510] Refreshing org.springframework.context.support.ClassPathXmlApplicationContext@5c16b30: startup date [Wed Mar 18 02:26:39 CST 2015]; root of context hierarchy
[INFO ][20150318 02:26:39,250][XmlBeanDefinitionReader:315] Loading XML bean definitions from class path resource [spring/spring-context.xml]
[INFO ][20150318 02:26:39,498][XmlBeanDefinitionReader:315] Loading XML bean definitions from class path resource [spring/spring-mq.xml]
[INFO ][20150318 02:26:39,646][PropertiesLoaderSupport:172] Loading properties file from class path resource [mq.properties]
[INFO ][20150318 02:26:39,692][DefaultListableBeanFactory:598] Pre-instantiating singletons in org.springframework.beans.factory.support.DefaultListableBeanFactory@3970a4fb: defining beans [org.springframework.context.annotation.internalConfigurationAnnotationProcessor,org.springframework.context.annotation.internalAutowiredAnnotationProcessor,org.springframework.context.annotation.internalRequiredAnnotationProcessor,org.springframework.context.annotation.internalCommonAnnotationProcessor,mqProducer,org.springframework.context.support.PropertySourcesPlaceholderConfigurer#0,org.springframework.aop.config.internalAutoProxyCreator,targetConnectionFactory,pooledConnectionFactory,connectionFactory,activeMqJmsTemplate,org.springframework.context.annotation.ConfigurationClassPostProcessor.importAwareProcessor]; root of factory hierarchy
[INFO ][20150318 02:26:40,003][SingleConnectionFactory:291] Established shared JMS Connection: PooledConnection { ConnectionPool[ActiveMQConnection {id=ID:2011-20141111JF-53836-1426616799859-1:1,clientId=null,started=false}] }
[INFO ][20150318 02:26:40,770][MQProducerTest:38] ===>System.exit
[INFO ][20150318 02:30:14,722][AbstractApplicationContext:510] Refreshing org.springframework.context.support.ClassPathXmlApplicationContext@5c16b30: startup date [Wed Mar 18 02:30:14 CST 2015]; root of context hierarchy
[INFO ][20150318 02:30:14,796][XmlBeanDefinitionReader:315] Loading XML bean definitions from class path resource [spring/spring-context.xml]
[INFO ][20150318 02:30:15,033][XmlBeanDefinitionReader:315] Loading XML bean definitions from class path resource [spring/spring-mq.xml]
[INFO ][20150318 02:30:15,196][PropertiesLoaderSupport:172] Loading properties file from class path resource [mq.properties]
[INFO ][20150318 02:30:15,239][DefaultListableBeanFactory:598] Pre-instantiating singletons in org.springframework.beans.factory.support.DefaultListableBeanFactory@125f7833: defining beans [org.springframework.context.annotation.internalConfigurationAnnotationProcessor,org.springframework.context.annotation.internalAutowiredAnnotationProcessor,org.springframework.context.annotation.internalRequiredAnnotationProcessor,org.springframework.context.annotation.internalCommonAnnotationProcessor,mqProducer,org.springframework.context.support.PropertySourcesPlaceholderConfigurer#0,org.springframework.aop.config.internalAutoProxyCreator,targetConnectionFactory,pooledConnectionFactory,connectionFactory,activeMqJmsTemplate,org.springframework.context.annotation.ConfigurationClassPostProcessor.importAwareProcessor]; root of factory hierarchy
[INFO ][20150318 02:30:15,540][SingleConnectionFactory:291] Established shared JMS Connection: PooledConnection { ConnectionPool[ActiveMQConnection {id=ID:2011-20141111JF-53873-1426617015401-1:1,clientId=null,started=false}] }
[INFO ][20150318 02:30:15,771][MQProducerTest:38] ===>System.exit
